<?xml version="1.0" encoding="UTF-8"?>
<testng-results skipped="0" failed="0" total="1" passed="1">
  <reporter-output>
  </reporter-output>
  <suite name="Suite" duration-ms="50" started-at="2019-01-30T04:08:23Z" finished-at="2019-01-30T04:08:23Z">
    <groups>
    </groups>
    <test name="Test" duration-ms="50" started-at="2019-01-30T04:08:23Z" finished-at="2019-01-30T04:08:23Z">
      <class name="DemoJenkinsPackage.FirstPgm">
        <test-method status="PASS" signature="f()[pri:0, instance:DemoJenkinsPackage.FirstPgm@224aed64]" name="f" duration-ms="22" started-at="2019-01-30T09:38:23Z" finished-at="2019-01-30T09:38:23Z">
          <reporter-output>
          </reporter-output>
        </test-method> <!-- f -->
      </class> <!-- DemoJenkinsPackage.FirstPgm -->
    </test> <!-- Test -->
  </suite> <!-- Suite -->
</testng-results>
